<?xml version="1.0" encoding="UTF-8"?>
<!-- Generated by org.testng.reporters.JUnitReportReporter -->
<testsuite hostname="cartrabbit" failures="0" tests="1" name="main.main_testing" time="15.427" errors="0" timestamp="2021-09-24T11:03:44 IST" skipped="0">
  <testcase classname="main.main_testing" name="login" time="15.427"/>
  <system-out/>
</testsuite> <!-- main.main_testing -->
