<?xml version="1.0" encoding="UTF-8"?>
<!-- Generated by org.testng.reporters.JUnitReportReporter -->
<testsuite hostname="cartrabbit" failures="0" tests="2" name="sanbox.livesite" time="35.736" errors="0" timestamp="2021-09-24T12:52:43 IST" skipped="0">
  <testcase classname="sanbox.livesite" name="shoppage" time="22.573"/>
  <system-out/>
  <testcase classname="sanbox.livesite" name="setup" time="13.163"/>
  <system-out/>
</testsuite> <!-- sanbox.livesite -->
